[2024-01-14 22:59:47] SELECT wiki.id,title,content,wiki.datetime,user.username,category,category.id as categoryID,user.image as authorImage,wiki.image as wikiImage,status  FROM wiki INNER JOIN user INNER JOIN category ON  wiki.userID  = user.id  AND  category.id = wiki.categoryID WHERE  user.id = 59
[2024-01-14 22:59:48] SELECT wiki.id,title,content,wiki.datetime,user.username,category,category.id as categoryID,user.image as authorImage,wiki.image as wikiImage,status  FROM wiki INNER JOIN user INNER JOIN category ON  wiki.userID  = user.id  AND  category.id = wiki.categoryID WHERE  user.id = img
[2024-01-14 22:59:50] SELECT wiki.id,title,content,wiki.datetime,user.username,category,category.id as categoryID,user.image as authorImage,wiki.image as wikiImage,status  FROM wiki INNER JOIN user INNER JOIN category ON  wiki.userID  = user.id  AND  category.id = wiki.categoryID WHERE  status = 'accepted'
[2024-01-14 22:59:59] SELECT wiki.id,title,content,wiki.datetime,user.username,category,category.id as categoryID,user.image as authorImage,wiki.image as wikiImage,status  FROM wiki INNER JOIN user INNER JOIN category ON  wiki.userID  = user.id  AND  category.id = wiki.categoryID WHERE  wiki.title   LIKE '%d%' AND category.id =  12 AND status = 'accepted' 
[2024-01-14 23:00:02] SELECT wiki.id,title,content,wiki.datetime,user.username,category,category.id as categoryID,user.image as authorImage,wiki.image as wikiImage,status  FROM wiki INNER JOIN user INNER JOIN category ON  wiki.userID  = user.id  AND  category.id = wiki.categoryID WHERE  wiki.id = 43
[2024-01-14 23:00:02] SELECT tag.tag,tag.id as id  FROM wiki INNER JOIN tag INNER JOIN wiki_tag ON wiki.id = wiki_tag.wikiID AND tag.id = wiki_tag.tagID WHERE  wiki.id = 43
[2024-01-14 23:04:26] SELECT wiki.id,title,content,wiki.datetime,user.username,category,category.id as categoryID,user.image as authorImage,wiki.image as wikiImage,status  FROM wiki INNER JOIN user INNER JOIN category ON  wiki.userID  = user.id  AND  category.id = wiki.categoryID WHERE  user.id = 59
[2024-01-14 23:04:27] SELECT wiki.id,title,content,wiki.datetime,user.username,category,category.id as categoryID,user.image as authorImage,wiki.image as wikiImage,status  FROM wiki INNER JOIN user INNER JOIN category ON  wiki.userID  = user.id  AND  category.id = wiki.categoryID WHERE  user.id = img
[2024-01-14 23:04:30] SELECT wiki.id,title,content,wiki.datetime,user.username,category,category.id as categoryID,user.image as authorImage,wiki.image as wikiImage,status  FROM wiki INNER JOIN user INNER JOIN category ON  wiki.userID  = user.id  AND  category.id = wiki.categoryID WHERE  wiki.id = 44
[2024-01-14 23:04:30] SELECT tag.tag,tag.id as id  FROM wiki INNER JOIN tag INNER JOIN wiki_tag ON wiki.id = wiki_tag.wikiID AND tag.id = wiki_tag.tagID WHERE  wiki.id = 44
[2024-01-14 23:04:39] SELECT wiki.id,title,content,wiki.datetime,user.username,category,category.id as categoryID,user.image as authorImage,wiki.image as wikiImage,status  FROM wiki INNER JOIN user INNER JOIN category ON  wiki.userID  = user.id  AND  category.id = wiki.categoryID WHERE  user.id = 59
[2024-01-14 23:04:42] SELECT wiki.id,title,content,wiki.datetime,user.username,category,category.id as categoryID,user.image as authorImage,wiki.image as wikiImage,status  FROM wiki INNER JOIN user INNER JOIN category ON  wiki.userID  = user.id  AND  category.id = wiki.categoryID WHERE  user.id = img
[2024-01-14 23:04:42] SELECT wiki.id,title,content,wiki.datetime,user.username,category,category.id as categoryID,user.image as authorImage,wiki.image as wikiImage,status  FROM wiki INNER JOIN user INNER JOIN category ON  wiki.userID  = user.id  AND  category.id = wiki.categoryID WHERE  wiki.id = 44
[2024-01-14 23:04:42] SELECT tag.tag,tag.id as id  FROM wiki INNER JOIN tag INNER JOIN wiki_tag ON wiki.id = wiki_tag.wikiID AND tag.id = wiki_tag.tagID WHERE  wiki.id = 44
[2024-01-14 23:04:49] SELECT wiki.id,title,content,wiki.datetime,user.username,category,category.id as categoryID,user.image as authorImage,wiki.image as wikiImage,status  FROM wiki INNER JOIN user INNER JOIN category ON  wiki.userID  = user.id  AND  category.id = wiki.categoryID WHERE  wiki.id = 44
[2024-01-14 23:04:49] SELECT tag.tag,tag.id as id  FROM wiki INNER JOIN tag INNER JOIN wiki_tag ON wiki.id = wiki_tag.wikiID AND tag.id = wiki_tag.tagID WHERE  wiki.id = 44
[2024-01-14 23:05:24] SELECT wiki.id,title,content,wiki.datetime,user.username,category,category.id as categoryID,user.image as authorImage,wiki.image as wikiImage,status  FROM wiki INNER JOIN user INNER JOIN category ON  wiki.userID  = user.id  AND  category.id = wiki.categoryID WHERE  wiki.id = 44
[2024-01-14 23:05:24] SELECT tag.tag,tag.id as id  FROM wiki INNER JOIN tag INNER JOIN wiki_tag ON wiki.id = wiki_tag.wikiID AND tag.id = wiki_tag.tagID WHERE  wiki.id = 44
[2024-01-14 23:05:29] SELECT wiki.id,title,content,wiki.datetime,user.username,category,category.id as categoryID,user.image as authorImage,wiki.image as wikiImage,status  FROM wiki INNER JOIN user INNER JOIN category ON  wiki.userID  = user.id  AND  category.id = wiki.categoryID WHERE  status = 'accepted'
[2024-01-14 23:05:33] SELECT wiki.id,title,content,wiki.datetime,user.username,category,category.id as categoryID,user.image as authorImage,wiki.image as wikiImage,status  FROM wiki INNER JOIN user INNER JOIN category ON  wiki.userID  = user.id  AND  category.id = wiki.categoryID WHERE  wiki.id = 43
[2024-01-14 23:05:33] SELECT tag.tag,tag.id as id  FROM wiki INNER JOIN tag INNER JOIN wiki_tag ON wiki.id = wiki_tag.wikiID AND tag.id = wiki_tag.tagID WHERE  wiki.id = 43
[2024-01-14 23:05:39] SELECT wiki.id,title,content,wiki.datetime,user.username,category,category.id as categoryID,user.image as authorImage,wiki.image as wikiImage,status  FROM wiki INNER JOIN user INNER JOIN category ON  wiki.userID  = user.id  AND  category.id = wiki.categoryID WHERE  user.id = 59
[2024-01-14 23:05:40] SELECT wiki.id,title,content,wiki.datetime,user.username,category,category.id as categoryID,user.image as authorImage,wiki.image as wikiImage,status  FROM wiki INNER JOIN user INNER JOIN category ON  wiki.userID  = user.id  AND  category.id = wiki.categoryID WHERE  user.id = img
[2024-01-14 23:05:46] SELECT wiki.id,title,content,wiki.datetime,user.username,category,category.id as categoryID,user.image as authorImage,wiki.image as wikiImage,status  FROM wiki INNER JOIN user INNER JOIN category ON  wiki.userID  = user.id  AND  category.id = wiki.categoryID WHERE  user.id = 59
[2024-01-14 23:05:46] SELECT wiki.id,title,content,wiki.datetime,user.username,category,category.id as categoryID,user.image as authorImage,wiki.image as wikiImage,status  FROM wiki INNER JOIN user INNER JOIN category ON  wiki.userID  = user.id  AND  category.id = wiki.categoryID WHERE  user.id = img
[2024-01-14 23:05:51] SELECT wiki.id,title,content,wiki.datetime,user.username,category,category.id as categoryID,user.image as authorImage,wiki.image as wikiImage,status  FROM wiki INNER JOIN user INNER JOIN category ON  wiki.userID  = user.id  AND  category.id = wiki.categoryID WHERE  wiki.id = 43
[2024-01-14 23:05:51] SELECT tag.tag,tag.id as id  FROM wiki INNER JOIN tag INNER JOIN wiki_tag ON wiki.id = wiki_tag.wikiID AND tag.id = wiki_tag.tagID WHERE  wiki.id = 43
[2024-01-14 23:05:53] SELECT wiki.id,title,content,wiki.datetime,user.username,category,category.id as categoryID,user.image as authorImage,wiki.image as wikiImage,status  FROM wiki INNER JOIN user INNER JOIN category ON  wiki.userID  = user.id  AND  category.id = wiki.categoryID WHERE  user.id = 59
[2024-01-14 23:05:54] SELECT wiki.id,title,content,wiki.datetime,user.username,category,category.id as categoryID,user.image as authorImage,wiki.image as wikiImage,status  FROM wiki INNER JOIN user INNER JOIN category ON  wiki.userID  = user.id  AND  category.id = wiki.categoryID WHERE  user.id = img
[2024-01-14 23:05:57] SELECT wiki.id,title,content,wiki.datetime,user.username,category,category.id as categoryID,user.image as authorImage,wiki.image as wikiImage,status  FROM wiki INNER JOIN user INNER JOIN category ON  wiki.userID  = user.id  AND  category.id = wiki.categoryID WHERE  user.id = 59
[2024-01-14 23:05:58] SELECT wiki.id,title,content,wiki.datetime,user.username,category,category.id as categoryID,user.image as authorImage,wiki.image as wikiImage,status  FROM wiki INNER JOIN user INNER JOIN category ON  wiki.userID  = user.id  AND  category.id = wiki.categoryID WHERE  user.id = img
[2024-01-14 23:06:29] SELECT wiki.id,title,content,wiki.datetime,user.username,category,category.id as categoryID,user.image as authorImage,wiki.image as wikiImage,status  FROM wiki INNER JOIN user INNER JOIN category ON  wiki.userID  = user.id  AND  category.id = wiki.categoryID WHERE  user.id = 59
[2024-01-14 23:06:30] SELECT wiki.id,title,content,wiki.datetime,user.username,category,category.id as categoryID,user.image as authorImage,wiki.image as wikiImage,status  FROM wiki INNER JOIN user INNER JOIN category ON  wiki.userID  = user.id  AND  category.id = wiki.categoryID WHERE  user.id = img
[2024-01-14 23:06:38] SELECT wiki.id,title,content,wiki.datetime,user.username,category,category.id as categoryID,user.image as authorImage,wiki.image as wikiImage,status  FROM wiki INNER JOIN user INNER JOIN category ON  wiki.userID  = user.id  AND  category.id = wiki.categoryID WHERE  status = 'accepted'
